<?xml version="1.0" encoding="UTF-8"?>
<!-- Generated by org.testng.reporters.JUnitReportReporter -->
<testsuite hostname="DESKTOP-640MS01" failures="0" tests="4" name="Pruebas.Laboratorio7" time="5.485" errors="0" timestamp="2022-06-19T09:59:03 ART" skipped="0">
  <testcase classname="Pruebas.Laboratorio7" name="alertaConfirmacion" time="0.109"/>
  <system-out/>
  <testcase classname="Pruebas.Laboratorio7" name="alertaEscribir" time="0.085"/>
  <system-out/>
  <testcase classname="Pruebas.Laboratorio7" name="alertaNotificacion" time="0.065"/>
  <system-out/>
  <testcase classname="Pruebas.Laboratorio7" name="alertaEspera" time="5.226"/>
  <system-out/>
</testsuite> <!-- Pruebas.Laboratorio7 -->
