<?xml version="1.0" encoding="UTF-8"?>
<!-- Generated by org.testng.reporters.JUnitReportReporter -->
<testsuite hostname="DESKTOP-640MS01" failures="0" tests="1" name="Edit.EducacionIT_clase_1.Laboratorio2a" time="32.996" errors="0" timestamp="2022-06-13T11:01:50 ART" skipped="0">
  <testcase classname="Edit.EducacionIT_clase_1.Laboratorio2a" name="registrarUsuario" time="32.996"/>
  <system-out/>
</testsuite> <!-- Edit.EducacionIT_clase_1.Laboratorio2a -->
