<?xml version="1.0" encoding="UTF-8"?>
<!-- Generated by org.testng.reporters.JUnitReportReporter -->
<testsuite hostname="DESKTOP-640MS01" failures="0" tests="1" name="Cuspide.Prueba1" time="8.483" errors="0" timestamp="2022-06-13T09:39:48 ART" skipped="0">
  <testcase classname="Cuspide.Prueba1" name="abrirPagina" time="8.483"/>
  <system-out/>
</testsuite> <!-- Cuspide.Prueba1 -->
