<?xml version="1.0" encoding="UTF-8"?>
<!-- Generated by org.testng.reporters.JUnitReportReporter -->
<testsuite hostname="DESKTOP-640MS01" failures="0" tests="1" name="Pruebas.Laboratorio7a" time="0.154" errors="0" timestamp="2022-06-19T10:34:31 ART" skipped="0">
  <testcase classname="Pruebas.Laboratorio7a" name="consultarValoresTabla" time="0.154"/>
  <system-out/>
</testsuite> <!-- Pruebas.Laboratorio7a -->
