<?xml version="1.0" encoding="UTF-8"?>
<!-- Generated by org.testng.reporters.JUnitReportReporter -->
<testsuite hostname="DESKTOP-640MS01" failures="0" tests="2" name="Edit.EducacionIT_clase_1.Laboratorio3" time="9.648" errors="0" timestamp="2022-06-13T21:22:38 ART" skipped="0">
  <testcase classname="Edit.EducacionIT_clase_1.Laboratorio3" name="buscarPalabra" time="4.160"/>
  <system-out/>
  <testcase classname="Edit.EducacionIT_clase_1.Laboratorio3" name="irAContactos" time="5.488"/>
  <system-out/>
</testsuite> <!-- Edit.EducacionIT_clase_1.Laboratorio3 -->
