<?xml version="1.0" encoding="UTF-8"?>
<!-- Generated by org.testng.reporters.JUnitReportReporter -->
<testsuite hostname="DESKTOP-640MS01" failures="0" tests="4" name="Pruebas.Laboratorio7Test" time="5.443" errors="0" timestamp="2022-06-19T12:20:19 ART" skipped="0">
  <testcase classname="Pruebas.Laboratorio7Test" name="alertaEscribir" time="0.088"/>
  <system-out/>
  <testcase classname="Pruebas.Laboratorio7Test" name="alertaNotificacion" time="0.063"/>
  <system-out/>
  <testcase classname="Pruebas.Laboratorio7Test" name="alertaEspera" time="5.222"/>
  <system-out/>
  <testcase classname="Pruebas.Laboratorio7Test" name="alertaConfirmacion" time="0.070"/>
  <system-out/>
</testsuite> <!-- Pruebas.Laboratorio7Test -->
