<?xml version="1.0" encoding="UTF-8"?>
<!-- Generated by org.testng.reporters.JUnitReportReporter -->
<testsuite hostname="DESKTOP-640MS01" failures="0" tests="4" name="Pruebas.Laboratorio4c" time="18.302" errors="0" timestamp="2022-06-18T10:09:46 ART" skipped="0">
  <testcase classname="Pruebas.Laboratorio4c" name="login" time="9.625"/>
  <system-out/>
  <testcase classname="Pruebas.Laboratorio4c" name="buscarPalabra" time="2.852"/>
  <system-out/>
  <testcase classname="Pruebas.Laboratorio4c" name="buscarPalabra1" time="3.330"/>
  <system-out/>
  <testcase classname="Pruebas.Laboratorio4c" name="buscarPalabra2" time="2.495"/>
  <system-out/>
</testsuite> <!-- Pruebas.Laboratorio4c -->
