<?xml version="1.0" encoding="UTF-8"?>
<!-- Generated by org.testng.reporters.JUnitReportReporter -->
<testsuite hostname="DESKTOP-640MS01" failures="0" tests="2" name="Edit.EducacionIT_clase_1.Laboratorio1" time="41.160" errors="0" timestamp="2022-06-11T09:56:53 ART" skipped="0">
  <testcase classname="Edit.EducacionIT_clase_1.Laboratorio1" name="buscarEnFirefox" time="18.287"/>
  <system-out/>
  <testcase classname="Edit.EducacionIT_clase_1.Laboratorio1" name="buscarEnChome" time="22.873"/>
  <system-out/>
</testsuite> <!-- Edit.EducacionIT_clase_1.Laboratorio1 -->
