<?xml version="1.0" encoding="UTF-8"?>
<!-- Generated by org.testng.reporters.JUnitReportReporter -->
<testsuite hostname="DESKTOP-640MS01" failures="0" tests="1" name="Edit.EducacionIT_clase_1.MobileEmulation" time="23.869" errors="0" timestamp="2022-06-11T09:56:53 ART" skipped="0">
  <testcase classname="Edit.EducacionIT_clase_1.MobileEmulation" name="testMobileEmulation" time="23.869"/>
  <system-out/>
</testsuite> <!-- Edit.EducacionIT_clase_1.MobileEmulation -->
