<?xml version="1.0" encoding="UTF-8"?>
<!-- Generated by org.testng.reporters.JUnitReportReporter -->
<testsuite hostname="DESKTOP-640MS01" failures="0" tests="2" name="Edit.EducacionIT_clase_1.Laboratorio4" time="9.270" errors="0" timestamp="2022-06-04T15:45:22 ART" skipped="0">
  <testcase classname="Edit.EducacionIT_clase_1.Laboratorio4" name="buscarPalabra" time="5.247"/>
  <system-out/>
  <testcase classname="Edit.EducacionIT_clase_1.Laboratorio4" name="irAContactos" time="4.023"/>
  <system-out/>
</testsuite> <!-- Edit.EducacionIT_clase_1.Laboratorio4 -->
