<?xml version="1.0" encoding="UTF-8"?>
<!-- Generated by org.testng.reporters.JUnitReportReporter -->
<testsuite hostname="DESKTOP-640MS01" failures="0" tests="1" name="Edit.EducacionIT_clase_1.AppTest" time="0.008" errors="0" timestamp="2022-06-18T10:56:43 ART" skipped="0">
  <testcase classname="Edit.EducacionIT_clase_1.AppTest" name="lab1_test" time="0.008"/>
  <system-out/>
</testsuite> <!-- Edit.EducacionIT_clase_1.AppTest -->
