<?xml version="1.0" encoding="UTF-8"?>
<!-- Generated by org.testng.reporters.JUnitReportReporter -->
<testsuite hostname="DESKTOP-640MS01" failures="0" tests="4" name="Pruebas.Laboratorio7Test" time="5.422" errors="0" timestamp="2022-06-19T12:30:15 ART" skipped="0">
  <testcase classname="Pruebas.Laboratorio7Test" name="alertaEscribir" time="0.093"/>
  <system-out/>
  <testcase classname="Pruebas.Laboratorio7Test" name="alertaConfirmacion" time="0.065"/>
  <system-out/>
  <testcase classname="Pruebas.Laboratorio7Test" name="alertaNotificacion" time="0.059"/>
  <system-out/>
  <testcase classname="Pruebas.Laboratorio7Test" name="alertaEspera" time="5.205"/>
  <system-out/>
</testsuite> <!-- Pruebas.Laboratorio7Test -->
