<?xml version="1.0" encoding="UTF-8"?>
<!-- Generated by org.testng.reporters.JUnitReportReporter -->
<testsuite hostname="DESKTOP-640MS01" failures="0" tests="1" name="Edit.EducacionIT_clase_1.Laboratorio7" time="1.852" errors="0" timestamp="2022-06-17T14:36:35 ART" skipped="0">
  <testcase classname="Edit.EducacionIT_clase_1.Laboratorio7" name="registrarCompra" time="1.852"/>
  <system-out/>
</testsuite> <!-- Edit.EducacionIT_clase_1.Laboratorio7 -->
