<?xml version="1.0" encoding="UTF-8"?>
<!-- Generated by org.testng.reporters.JUnitReportReporter -->
<testsuite hostname="DESKTOP-640MS01" failures="0" tests="1" name="Cuspide.Prueba1Test" time="10.275" errors="0" timestamp="2022-06-19T11:52:29 ART" skipped="0">
  <testcase classname="Cuspide.Prueba1Test" name="abrirPagina" time="10.275"/>
  <system-out/>
</testsuite> <!-- Cuspide.Prueba1Test -->
