<?xml version="1.0" encoding="UTF-8"?>
<!-- Generated by org.testng.reporters.JUnitReportReporter -->
<testsuite hostname="DESKTOP-640MS01" failures="0" tests="1" name="Edit.EducacionIT_clase_1.Test_BonusTrack2" time="1.867" errors="0" timestamp="2022-06-04T12:34:08 ART" skipped="0">
  <testcase classname="Edit.EducacionIT_clase_1.Test_BonusTrack2" name="lab1_e1" time="1.867"/>
  <system-out/>
</testsuite> <!-- Edit.EducacionIT_clase_1.Test_BonusTrack2 -->
