<?xml version="1.0" encoding="UTF-8"?>
<!-- Generated by org.testng.reporters.JUnitReportReporter -->
<testsuite hostname="DESKTOP-640MS01" failures="0" tests="1" name="Pruebas.Laboratorio5" time="0.005" errors="0" timestamp="2022-06-18T10:00:09 ART" skipped="0">
  <testcase classname="Pruebas.Laboratorio5" name="prueba" time="0.005"/>
  <system-out/>
</testsuite> <!-- Pruebas.Laboratorio5 -->
