<?xml version="1.0" encoding="UTF-8"?>
<!-- Generated by org.testng.reporters.JUnitReportReporter -->
<testsuite hostname="DESKTOP-640MS01" failures="0" tests="2" name="Edit.EducacionIT_clase_1.Laboratorio3a" time="13.955" errors="0" timestamp="2022-06-10T12:01:06 ART" skipped="0">
  <testcase classname="Edit.EducacionIT_clase_1.Laboratorio3a" name="buscarPalabra" time="3.611"/>
  <system-out/>
  <testcase classname="Edit.EducacionIT_clase_1.Laboratorio3a" name="irAContactanos" time="10.344"/>
  <system-out/>
</testsuite> <!-- Edit.EducacionIT_clase_1.Laboratorio3a -->
