<?xml version="1.0" encoding="UTF-8"?>
<!-- Generated by org.testng.reporters.JUnitReportReporter -->
<testsuite hostname="DESKTOP-640MS01" failures="0" tests="1" name="Pruebas.AccesoABaseDeDatos" time="0.288" errors="0" timestamp="2022-06-19T11:33:16 ART" skipped="0">
  <testcase classname="Pruebas.AccesoABaseDeDatos" name="testBaseDeDatos" time="0.288"/>
  <system-out/>
</testsuite> <!-- Pruebas.AccesoABaseDeDatos -->
